TN:
SF:app.js
FN:13,(anonymous_0)
FNF:1
FNH:1
FNDA:1,(anonymous_0)
DA:1,1
DA:3,1
DA:4,1
DA:6,1
DA:8,1
DA:9,1
DA:11,1
DA:13,1
DA:14,1
DA:17,1
LF:10
LH:10
BRF:0
BRH:0
end_of_record
TN:
SF:controllers\photoController.js
FN:4,(anonymous_0)
FN:15,(anonymous_1)
FN:39,(anonymous_2)
FN:54,(anonymous_3)
FN:75,(anonymous_4)
FNF:5
FNH:3
FNDA:2,(anonymous_0)
FNDA:2,(anonymous_1)
FNDA:2,(anonymous_2)
FNDA:0,(anonymous_3)
FNDA:0,(anonymous_4)
DA:1,1
DA:5,2
DA:6,2
DA:9,2
DA:11,0
DA:16,2
DA:17,2
DA:18,1
DA:19,1
DA:21,1
DA:40,2
DA:41,2
DA:42,2
DA:43,1
DA:45,1
DA:48,1
DA:50,0
DA:55,0
DA:56,0
DA:57,0
DA:58,0
DA:63,0
DA:69,0
DA:71,0
DA:76,0
DA:77,0
DA:78,0
DA:83,0
DA:85,0
DA:90,1
LF:30
LH:16
BRDA:42,0,0,1
BRDA:42,0,1,1
BRF:2
BRH:2
end_of_record
TN:
SF:controllers\userController.js
FN:6,(anonymous_0)
FN:25,(anonymous_1)
FNF:2
FNH:0
FNDA:0,(anonymous_0)
FNDA:0,(anonymous_1)
DA:1,1
DA:2,1
DA:3,1
DA:7,0
DA:8,0
DA:9,0
DA:14,0
DA:19,0
DA:21,0
DA:26,0
DA:27,0
DA:28,0
DA:33,0
DA:34,0
DA:39,0
DA:40,0
DA:41,0
DA:46,0
DA:50,0
DA:51,0
DA:55,0
DA:60,1
LF:22
LH:4
BRDA:33,0,0,0
BRDA:33,0,1,0
BRDA:40,1,0,0
BRDA:40,1,1,0
BRF:4
BRH:0
end_of_record
TN:
SF:helpers\bcrypt.js
FN:3,(anonymous_0)
FN:10,(anonymous_1)
FNF:2
FNH:0
FNDA:0,(anonymous_0)
FNDA:0,(anonymous_1)
DA:1,1
DA:3,1
DA:4,0
DA:5,0
DA:6,0
DA:7,0
DA:10,1
DA:12,1
LF:8
LH:4
BRF:0
BRH:0
end_of_record
TN:
SF:helpers\jwt.js
FN:5,(anonymous_0)
FN:10,(anonymous_1)
FNF:2
FNH:0
FNDA:0,(anonymous_0)
FNDA:0,(anonymous_1)
DA:1,1
DA:3,1
DA:5,1
DA:6,0
DA:7,0
DA:10,1
DA:12,0
DA:13,0
DA:16,1
LF:9
LH:5
BRF:0
BRH:0
end_of_record
TN:
SF:middlewares\authentication.js
FN:4,(anonymous_0)
FNF:1
FNH:0
FNDA:0,(anonymous_0)
DA:1,1
DA:2,1
DA:4,1
DA:5,0
DA:6,0
DA:7,0
DA:8,0
DA:14,0
DA:15,0
DA:20,0
DA:21,0
DA:23,0
DA:27,1
LF:13
LH:4
BRDA:14,0,0,0
BRDA:14,0,1,0
BRF:2
BRH:0
end_of_record
TN:
SF:middlewares\authorization.js
FN:3,(anonymous_0)
FNF:1
FNH:0
FNDA:0,(anonymous_0)
DA:1,1
DA:3,1
DA:4,0
DA:5,0
DA:6,0
DA:7,0
DA:12,0
DA:13,0
DA:18,0
DA:19,0
DA:21,0
DA:27,0
DA:31,1
LF:13
LH:3
BRDA:12,0,0,0
BRDA:12,0,1,0
BRDA:18,1,0,0
BRDA:18,1,1,0
BRF:4
BRH:0
end_of_record
TN:
SF:models\index.js
FN:21,(anonymous_0)
FN:24,(anonymous_1)
FN:29,(anonymous_2)
FNF:3
FNH:3
FNDA:3,(anonymous_0)
FNDA:2,(anonymous_1)
FNDA:2,(anonymous_2)
DA:3,1
DA:4,1
DA:5,1
DA:6,1
DA:7,1
DA:8,1
DA:9,1
DA:10,1
DA:13,1
DA:14,0
DA:16,1
DA:19,1
DA:22,3
DA:25,2
DA:26,2
DA:29,1
DA:30,2
DA:31,2
DA:35,1
DA:36,1
DA:38,1
LF:21
LH:20
BRDA:8,0,0,1
BRDA:8,0,1,0
BRDA:13,1,0,0
BRDA:13,1,1,1
BRDA:22,2,0,3
BRDA:22,2,1,3
BRDA:22,2,2,2
BRDA:30,3,0,2
BRDA:30,3,1,0
BRF:9
BRH:6
end_of_record
TN:
SF:models\photo.js
FN:5,(anonymous_0)
FN:12,(anonymous_1)
FNF:2
FNH:2
FNDA:1,(anonymous_0)
FNDA:1,(anonymous_1)
DA:4,1
DA:5,1
DA:13,1
DA:17,1
DA:26,1
LF:5
LH:5
BRF:0
BRH:0
end_of_record
TN:
SF:models\user.js
FN:6,(anonymous_0)
FN:13,(anonymous_1)
FN:26,(anonymous_2)
FNF:3
FNH:2
FNDA:1,(anonymous_0)
FNDA:1,(anonymous_1)
FNDA:0,(anonymous_2)
DA:4,1
DA:5,1
DA:6,1
DA:14,1
DA:18,1
DA:28,0
DA:29,0
DA:33,1
LF:8
LH:6
BRF:0
BRH:0
end_of_record
TN:
SF:routers\index.js
FNF:0
FNH:0
DA:1,1
DA:2,1
DA:3,1
DA:4,1
DA:5,1
DA:7,1
DA:8,1
DA:10,1
DA:11,1
DA:12,1
DA:13,1
DA:14,1
DA:15,1
LF:13
LH:13
BRF:0
BRH:0
end_of_record
